<?xml version="1.0" encoding="UTF-8"?>
<!-- Generated by org.testng.reporters.JUnitXMLReporter -->
<testsuite ignored="0" hostname="HP" failures="1" tests="3" name="Error Validations Test" time="19.113" errors="0" timestamp="2025-02-06T19:37:27 GMT">
  <testcase classname="testCompanycom.tests.ErrorValidationsTest" name="loginErrorValidation" time="1.057">
    <skipped/>
  </testcase> <!-- loginErrorValidation -->
  <testcase classname="testCompanycom.tests.ErrorValidationsTest" name="loginErrorValidation" time="0.718">
    <failure type="java.lang.AssertionError" message="expected [Incorrect email or password.] but found [Incorrect email  password.]">
      <![CDATA[java.lang.AssertionError: expected [Incorrect email or password.] but found [Incorrect email  password.]
at testCompanycom.tests.ErrorValidationsTest.loginErrorValidation(ErrorValidationsTest.java:27)
at java.base/java.util.ArrayList.forEach(ArrayList.java:1511)
at java.base/java.util.concurrent.FutureTask.run(FutureTask.java:264)
at java.base/java.util.concurrent.ThreadPoolExecutor.runWorker(ThreadPoolExecutor.java:1136)
at java.base/java.util.concurrent.ThreadPoolExecutor$Worker.run(ThreadPoolExecutor.java:635)
at java.base/java.lang.Thread.run(Thread.java:840)
... Removed 24 stack frames]]>
    </failure>
  </testcase> <!-- loginErrorValidation -->
  <testcase classname="testCompanycom.tests.ErrorValidationsTest" name="productErrorValidation" time="4.764"/>
</testsuite> <!-- Error Validations Test -->
